<?xml version="1.0" encoding="utf-8"?><testsuites name="pytest tests"><testsuite name="pytest" errors="0" failures="0" skipped="0" tests="25" time="11.589" timestamp="2026-09-18T21:18:08.331463+00:00" hostname="agent-env-be39f644-01d0-4f9f-ad43-cafff1363d08"><testcase classname="tests.backend_test.TestContent" name="test_root" time="0.329" /><testcase classname="tests.backend_test.TestForms" name="test_franchise_validation" time="0.276" /><testcase classname="tests.backend_test.TestForms" name="test_franchise_consent_required" time="0.081" /><testcase classname="tests.backend_test.TestContent" name="test_config" time="0.088" /><testcase classname="tests.backend_test.TestForms" name="test_franchise_success" time="0.081" /><testcase classname="tests.backend_test.TestContent" name="test_collections_count" time="0.091" /><testcase classname="tests.backend_test.TestForms" name="test_contact_success" time="0.129" /><testcase classname="tests.backend_test.TestContent" name="test_collection_detail" time="0.131" /><testcase classname="tests.backend_test.TestForms" name="test_contact_bad_enquiry_type" time="0.076" /><testcase classname="tests.backend_test.TestContent" name="test_collection_404" time="0.091" /><testcase classname="tests.backend_test.TestTickets" name="test_ticket_create" time="0.083" /><testcase classname="tests.backend_test.TestTickets" name="test_ticket_lookup_success" time="0.085" /><testcase classname="tests.backend_test.TestContent" name="test_products_list" time="0.135" /><testcase classname="tests.backend_test.TestTickets" name="test_ticket_lookup_wrong_mobile" time="0.085" /><testcase classname="tests.backend_test.TestContent" name="test_products_filter_origin" time="0.089" /><testcase classname="tests.backend_test.TestTickets" name="test_ticket_lookup_not_found" time="0.087" /><testcase classname="tests.backend_test.TestContent" name="test_products_filter_try_buy" time="0.093" /><testcase classname="tests.backend_test.TestAI" name="test_ai_chat_stream" time="10.081" /><testcase classname="tests.backend_test.TestContent" name="test_products_search_empty" time="0.144" /><testcase classname="tests.backend_test.TestContent" name="test_product_detail" time="2.787" /><testcase classname="tests.backend_test.TestContent" name="test_product_404" time="0.089" /><testcase classname="tests.backend_test.TestContent" name="test_stores_list" time="0.086" /><testcase classname="tests.backend_test.TestContent" name="test_stores_search_mumbai" time="0.087" /><testcase classname="tests.backend_test.TestContent" name="test_try_and_buy" time="0.087" /><testcase classname="tests.backend_test.TestContent" name="test_knowledge" time="0.090" /></testsuite></testsuites>